<?xml version="1.0" encoding="UTF-8"?>
<testsuite name="com.project.eventhub.VendorRestController" tests="1" skipped="0" failures="0" errors="0" timestamp="2024-12-05T22:17:03" hostname="DESKTOP-8QPICU2" time="0.674">
  <properties/>
  <testcase name="testAddVendor()" classname="com.project.eventhub.VendorRestController" time="0.674"/>
  <system-out><![CDATA[16:16:57.311 [Test worker] INFO org.springframework.test.context.support.AnnotationConfigContextLoaderUtils -- Could not detect default configuration classes for test class [com.project.eventhub.VendorRestController]: VendorRestController does not declare any static, non-private, non-final, nested classes annotated with @Configuration.
16:16:57.409 [Test worker] INFO org.springframework.boot.test.context.SpringBootTestContextBootstrapper -- Found @SpringBootConfiguration com.project.eventhub.DemoApplication for test class com.project.eventhub.VendorRestController

  .   ____          _            __ _ _
 /\\ / ___'_ __ _ _(_)_ __  __ _ \ \ \ \
( ( )\___ | '_ | '_| | '_ \/ _` | \ \ \ \
 \\/  ___)| |_)| | | | | || (_| |  ) ) ) )
  '  |____| .__|_| |_|_| |_\__, | / / / /
 =========|_|==============|___/=/_/_/_/
 :: Spring Boot ::                (v3.2.5)

2024-12-05T16:16:57.769-06:00  INFO 9720 --- [demo] [    Test worker] c.project.eventhub.VendorRestController  : Starting VendorRestController using Java 21.0.4 with PID 9720 (started by aleja in C:\Cenfotec\proyecto de software 3\eventhub\backend)
2024-12-05T16:16:57.771-06:00  INFO 9720 --- [demo] [    Test worker] c.project.eventhub.VendorRestController  : No active profile set, falling back to 1 default profile: "default"
2024-12-05T16:16:58.438-06:00  INFO 9720 --- [demo] [    Test worker] .s.d.r.c.RepositoryConfigurationDelegate : Bootstrapping Spring Data JPA repositories in DEFAULT mode.
2024-12-05T16:16:58.548-06:00  INFO 9720 --- [demo] [    Test worker] .s.d.r.c.RepositoryConfigurationDelegate : Finished Spring Data repository scanning in 93 ms. Found 18 JPA repository interfaces.
2024-12-05T16:16:59.235-06:00  INFO 9720 --- [demo] [    Test worker] o.hibernate.jpa.internal.util.LogHelper  : HHH000204: Processing PersistenceUnitInfo [name: default]
2024-12-05T16:16:59.321-06:00  INFO 9720 --- [demo] [    Test worker] org.hibernate.Version                    : HHH000412: Hibernate ORM core version 6.4.4.Final
2024-12-05T16:16:59.353-06:00  INFO 9720 --- [demo] [    Test worker] o.h.c.internal.RegionFactoryInitiator    : HHH000026: Second-level cache disabled
2024-12-05T16:16:59.589-06:00  INFO 9720 --- [demo] [    Test worker] o.s.o.j.p.SpringPersistenceUnitInfo      : No LoadTimeWeaver setup: ignoring JPA class transformer
2024-12-05T16:16:59.628-06:00  INFO 9720 --- [demo] [    Test worker] com.zaxxer.hikari.HikariDataSource       : HikariPool-1 - Starting...
2024-12-05T16:16:59.719-06:00  INFO 9720 --- [demo] [    Test worker] com.zaxxer.hikari.pool.HikariPool        : HikariPool-1 - Added connection org.mariadb.jdbc.Connection@667a467f
2024-12-05T16:16:59.721-06:00  INFO 9720 --- [demo] [    Test worker] com.zaxxer.hikari.HikariDataSource       : HikariPool-1 - Start completed.
2024-12-05T16:16:59.747-06:00  WARN 9720 --- [demo] [    Test worker] org.hibernate.orm.deprecation            : HHH90000025: MariaDBDialect does not need to be specified explicitly using 'hibernate.dialect' (remove the property setting and it will be selected by default)
2024-12-05T16:17:00.709-06:00  INFO 9720 --- [demo] [    Test worker] o.h.e.t.j.p.i.JtaPlatformInitiator       : HHH000489: No JTA platform available (set 'hibernate.transaction.jta.platform' to enable JTA platform integration)
2024-12-05T16:17:00.772-06:00  INFO 9720 --- [demo] [    Test worker] j.LocalContainerEntityManagerFactoryBean : Initialized JPA EntityManagerFactory for persistence unit 'default'
2024-12-05T16:17:01.098-06:00  INFO 9720 --- [demo] [    Test worker] o.s.d.j.r.query.QueryEnhancerFactory     : Hibernate is in classpath; If applicable, HQL parser will be used.
2024-12-05T16:17:01.582-06:00  WARN 9720 --- [demo] [    Test worker] JpaBaseConfiguration$JpaWebConfiguration : spring.jpa.open-in-view is enabled by default. Therefore, database queries may be performed during view rendering. Explicitly configure spring.jpa.open-in-view to disable this warning
2024-12-05T16:17:02.816-06:00  INFO 9720 --- [demo] [    Test worker] o.s.s.web.DefaultSecurityFilterChain     : Will secure any request with [org.springframework.security.web.session.DisableEncodeUrlFilter@4ff1e20b, org.springframework.security.web.context.request.async.WebAsyncManagerIntegrationFilter@38c464df, org.springframework.security.web.context.SecurityContextHolderFilter@7bfa2d74, org.springframework.security.web.header.HeaderWriterFilter@6f14ce3, org.springframework.web.filter.CorsFilter@5d6e77a4, org.springframework.security.web.authentication.logout.LogoutFilter@28c06c3c, com.project.eventhub.logic.entity.auth.JwtAuthenticationFilter@6000ca67, org.springframework.security.web.savedrequest.RequestCacheAwareFilter@20bc417f, org.springframework.security.web.servletapi.SecurityContextHolderAwareRequestFilter@614da024, org.springframework.security.web.authentication.AnonymousAuthenticationFilter@45957b8f, org.springframework.security.web.session.SessionManagementFilter@763960eb, org.springframework.security.web.access.ExceptionTranslationFilter@686a192d, org.springframework.security.web.access.intercept.AuthorizationFilter@1c6d65f7]
2024-12-05T16:17:03.221-06:00  INFO 9720 --- [demo] [    Test worker] o.s.b.t.m.w.SpringBootMockServletContext : Initializing Spring TestDispatcherServlet ''
2024-12-05T16:17:03.222-06:00  INFO 9720 --- [demo] [    Test worker] o.s.t.web.servlet.TestDispatcherServlet  : Initializing Servlet ''
2024-12-05T16:17:03.223-06:00  INFO 9720 --- [demo] [    Test worker] o.s.t.web.servlet.TestDispatcherServlet  : Completed initialization in 1 ms
2024-12-05T16:17:03.241-06:00  INFO 9720 --- [demo] [    Test worker] o.s.m.s.b.SimpleBrokerMessageHandler     : Starting...
2024-12-05T16:17:03.243-06:00  INFO 9720 --- [demo] [    Test worker] o.s.m.s.b.SimpleBrokerMessageHandler     : BrokerAvailabilityEvent[available=true, SimpleBrokerMessageHandler [org.springframework.messaging.simp.broker.DefaultSubscriptionRegistry@30cd72a4]]
2024-12-05T16:17:03.244-06:00  INFO 9720 --- [demo] [    Test worker] o.s.m.s.b.SimpleBrokerMessageHandler     : Started.
Hibernate: select r1_0.id,r1_0.created_at,r1_0.description,r1_0.name,r1_0.updated_at from rol r1_0 where r1_0.name=?
com.project.eventhub.logic.entity.rol.Role@12136fc6
Hibernate: select r1_0.id,r1_0.created_at,r1_0.description,r1_0.name,r1_0.updated_at from rol r1_0 where r1_0.name=?
com.project.eventhub.logic.entity.rol.Role@610576c8
Hibernate: insert into texture (created_at,texture_path,updated_at) values (?,?,?)
2024-12-05T16:17:03.380-06:00  INFO 9720 --- [demo] [    Test worker] c.project.eventhub.VendorRestController  : Started VendorRestController in 5.814 seconds (process running for 6.87)
Hibernate: select u1_0.id,u1_0.created_at,u1_0.email,u1_0.lastname,u1_0.name,u1_0.password,u1_0.role_id,u1_0.updated_at from user u1_0 where u1_0.email=?
Hibernate: select r1_0.id,r1_0.created_at,r1_0.description,r1_0.name,r1_0.updated_at from rol r1_0 where r1_0.id=?
Hibernate: select vc1_0.id,vc1_0.category_name,vc1_0.description from vendor_category vc1_0 where vc1_0.id=?
Hibernate: select v1_0.id,v1_0.description,v1_0.is_available,v1_0.price,v1_0.service_name,v1_0.vendor_id,v2_0.id,v2_0.phone,v2_0.description,v2_0.labels,v2_0.location,v2_0.name,v2_0.rating,v2_0.user_id,u1_0.id,u1_0.created_at,u1_0.email,u1_0.lastname,u1_0.name,u1_0.password,u1_0.role_id,u1_0.updated_at,v2_0.category_id,vc1_0.id,vc1_0.category_name,vc1_0.description from vendor_service v1_0 join vendor v2_0 on v2_0.id=v1_0.vendor_id left join user u1_0 on u1_0.id=v2_0.user_id left join vendor_category vc1_0 on vc1_0.id=v2_0.category_id where v1_0.id=?
Hibernate: select r1_0.id,r1_0.created_at,r1_0.description,r1_0.name,r1_0.updated_at from rol r1_0 where r1_0.id=?
Hibernate: select u1_0.id,u1_0.created_at,u1_0.email,u1_0.lastname,u1_0.name,u1_0.password,u1_0.role_id,u1_0.updated_at from user u1_0 where u1_0.email=?
Hibernate: select r1_0.id,r1_0.created_at,r1_0.description,r1_0.name,r1_0.updated_at from rol r1_0 where r1_0.id=?
Generated Token: eyJhbGciOiJIUzI1NiJ9.eyJzdWIiOiJzdXBlci5hZG1pbkBnbWFpbC5jb20iLCJpYXQiOjE3MzM0MzcwMjMsImV4cCI6MTczMzQ0MDYyM30.u-c09TAHbN8R4vD0iZJ-cx90E_I7AtfY6iqsoesycL8
Hibernate: select u1_0.id,u1_0.created_at,u1_0.email,u1_0.lastname,u1_0.name,u1_0.password,u1_0.role_id,r1_0.id,r1_0.created_at,r1_0.description,r1_0.name,r1_0.updated_at,u1_0.updated_at from user u1_0 join rol r1_0 on r1_0.id=u1_0.role_id where u1_0.id=?
Hibernate: insert into vendor (phone,description,labels,location,name,rating,user_id,category_id) values (?,?,?,?,?,?,?,?)
]]></system-out>
  <system-err><![CDATA[WARNING: A Java agent has been loaded dynamically (C:\Users\aleja\.gradle\caches\modules-2\files-2.1\net.bytebuddy\byte-buddy-agent\1.14.13\979ce25f7d3096a2e82214ba7dc972a05ce7a171\byte-buddy-agent-1.14.13.jar)
WARNING: If a serviceability tool is in use, please run with -XX:+EnableDynamicAgentLoading to hide this warning
WARNING: If a serviceability tool is not in use, please run with -Djdk.instrument.traceUsage for more information
WARNING: Dynamic loading of agents will be disallowed by default in a future release
]]></system-err>
</testsuite>
